[pid: 45806|app: 0|req: 262/969] 219.239.227.188 () {52 vars in 888 bytes} [Thu Aug 31 09:58:54 2023] OPTIONS /api/document/share_prototype/ => generated 0 bytes in 0 msecs (HTTP/1.1 200) 8 headers in 459 bytes (1 switches on core 0)
 share prototype_id :  2
Internal Server Error: /api/document/share_prototype/
Traceback (most recent call last):
  File "/home/summer/miniconda3/envs/django/lib/python3.9/site-packages/django/db/backends/utils.py", line 89, in _execute
    return self.cursor.execute(sql, params)
  File "/home/summer/miniconda3/envs/django/lib/python3.9/site-packages/django/db/backends/mysql/base.py", line 75, in execute
    return self.cursor.execute(query, args)
  File "/home/summer/miniconda3/envs/django/lib/python3.9/site-packages/MySQLdb/cursors.py", line 206, in execute
    res = self._query(query)
  File "/home/summer/miniconda3/envs/django/lib/python3.9/site-packages/MySQLdb/cursors.py", line 319, in _query
    db.query(q)
  File "/home/summer/miniconda3/envs/django/lib/python3.9/site-packages/MySQLdb/connections.py", line 254, in query
    _mysql.connection.query(self, query)
MySQLdb.OperationalError: (1054, "Unknown column 'document_prototype.project_id' in 'field list'")

The above exception was the direct cause of the following exception:

Traceback (most recent call last):
  File "/home/summer/miniconda3/envs/django/lib/python3.9/site-packages/django/core/handlers/exception.py", line 55, in inner
    response = get_response(request)
  File "/home/summer/miniconda3/envs/django/lib/python3.9/site-packages/django/core/handlers/base.py", line 197, in _get_response
    response = wrapped_callback(request, *callback_args, **callback_kwargs)
  File "/home/summer/summer_backend/./user/authentication.py", line 26, in valid_per
    return func(request, *args, **kwargs)
  File "/home/summer/summer_backend/./document/views.py", line 223, in share_prototype
    prototype=Prototype.objects.get(id=prototype_id)
  File "/home/summer/miniconda3/envs/django/lib/python3.9/site-packages/django/db/models/manager.py", line 87, in manager_method
    return getattr(self.get_queryset(), name)(*args, **kwargs)
  File "/home/summer/miniconda3/envs/django/lib/python3.9/site-packages/django/db/models/query.py", line 633, in get
    num = len(clone)
  File "/home/summer/miniconda3/envs/django/lib/python3.9/site-packages/django/db/models/query.py", line 380, in __len__
    self._fetch_all()
  File "/home/summer/miniconda3/envs/django/lib/python3.9/site-packages/django/db/models/query.py", line 1881, in _fetch_all
    self._result_cache = list(self._iterable_class(self))
  File "/home/summer/miniconda3/envs/django/lib/python3.9/site-packages/django/db/models/query.py", line 91, in __iter__
    results = compiler.execute_sql(
  File "/home/summer/miniconda3/envs/django/lib/python3.9/site-packages/django/db/models/sql/compiler.py", line 1562, in execute_sql
    cursor.execute(sql, params)
  File "/home/summer/miniconda3/envs/django/lib/python3.9/site-packages/django/db/backends/utils.py", line 102, in execute
    return super().execute(sql, params)
  File "/home/summer/miniconda3/envs/django/lib/python3.9/site-packages/django/db/backends/utils.py", line 67, in execute
    return self._execute_with_wrappers(
  File "/home/summer/miniconda3/envs/django/lib/python3.9/site-packages/django/db/backends/utils.py", line 80, in _execute_with_wrappers
    return executor(sql, params, many, context)
  File "/home/summer/miniconda3/envs/django/lib/python3.9/site-packages/django/db/backends/utils.py", line 89, in _execute
    return self.cursor.execute(sql, params)
  File "/home/summer/miniconda3/envs/django/lib/python3.9/site-packages/django/db/utils.py", line 91, in __exit__
    raise dj_exc_value.with_traceback(traceback) from exc_value
  File "/home/summer/miniconda3/envs/django/lib/python3.9/site-packages/django/db/backends/utils.py", line 89, in _execute
    return self.cursor.execute(sql, params)
  File "/home/summer/miniconda3/envs/django/lib/python3.9/site-packages/django/db/backends/mysql/base.py", line 75, in execute
    return self.cursor.execute(query, args)
  File "/home/summer/miniconda3/envs/django/lib/python3.9/site-packages/MySQLdb/cursors.py", line 206, in execute
    res = self._query(query)
  File "/home/summer/miniconda3/envs/django/lib/python3.9/site-packages/MySQLdb/cursors.py", line 319, in _query
    db.query(q)
  File "/home/summer/miniconda3/envs/django/lib/python3.9/site-packages/MySQLdb/connections.py", line 254, in query
    _mysql.connection.query(self, query)
django.db.utils.OperationalError: (1054, "Unknown column 'document_prototype.project_id' in 'field list'")
[pid: 45807|app: 0|req: 349/970] 219.239.227.188 () {52 vars in 1045 bytes} [Thu Aug 31 09:58:54 2023] POST /api/document/share_prototype/ => generated 161375 bytes in 61 msecs (HTTP/1.1 500) 9 headers in 335 bytes (1 switches on core 0)
[pid: 45807|app: 0|req: 350/971] 219.239.227.188 () {52 vars in 916 bytes} [Thu Aug 31 09:59:14 2023] OPTIONS /api/document/view_prototype/2?prototype_id=2 => generated 0 bytes in 0 msecs (HTTP/1.1 200) 8 headers in 459 bytes (1 switches on core 1)
[pid: 45802|app: 0|req: 167/972] 219.239.227.188 () {48 vars in 959 bytes} [Thu Aug 31 09:59:14 2023] GET /api/document/view_prototype/2?prototype_id=2 => generated 0 bytes in 5 msecs (HTTP/1.1 301) 5 headers in 238 bytes (1 switches on core 1)
[pid: 45802|app: 0|req: 168/973] 219.239.227.188 () {52 vars in 918 bytes} [Thu Aug 31 09:59:14 2023] OPTIONS /api/document/view_prototype/2/?prototype_id=2 => generated 0 bytes in 0 msecs (HTTP/1.1 200) 8 headers in 459 bytes (1 switches on core 0)
当前用户 :  2
Internal Server Error: /api/document/view_prototype/2/
Traceback (most recent call last):
  File "/home/summer/miniconda3/envs/django/lib/python3.9/site-packages/django/db/backends/utils.py", line 89, in _execute
    return self.cursor.execute(sql, params)
  File "/home/summer/miniconda3/envs/django/lib/python3.9/site-packages/django/db/backends/mysql/base.py", line 75, in execute
    return self.cursor.execute(query, args)
  File "/home/summer/miniconda3/envs/django/lib/python3.9/site-packages/MySQLdb/cursors.py", line 206, in execute
    res = self._query(query)
  File "/home/summer/miniconda3/envs/django/lib/python3.9/site-packages/MySQLdb/cursors.py", line 319, in _query
    db.query(q)
  File "/home/summer/miniconda3/envs/django/lib/python3.9/site-packages/MySQLdb/connections.py", line 254, in query
    _mysql.connection.query(self, query)
MySQLdb.OperationalError: (1054, "Unknown column 'document_prototype.project_id' in 'field list'")

The above exception was the direct cause of the following exception:

Traceback (most recent call last):
  File "/home/summer/miniconda3/envs/django/lib/python3.9/site-packages/django/core/handlers/exception.py", line 55, in inner
    response = get_response(request)
  File "/home/summer/miniconda3/envs/django/lib/python3.9/site-packages/django/core/handlers/base.py", line 197, in _get_response
    response = wrapped_callback(request, *callback_args, **callback_kwargs)
  File "/home/summer/summer_backend/./user/authentication.py", line 26, in valid_per
    return func(request, *args, **kwargs)
  File "/home/summer/summer_backend/./document/views.py", line 252, in view_prototype
    prototype = Prototype.objects.get(id=prototype_id, is_deleted=False)
  File "/home/summer/miniconda3/envs/django/lib/python3.9/site-packages/django/db/models/manager.py", line 87, in manager_method
    return getattr(self.get_queryset(), name)(*args, **kwargs)
  File "/home/summer/miniconda3/envs/django/lib/python3.9/site-packages/django/db/models/query.py", line 633, in get
    num = len(clone)
  File "/home/summer/miniconda3/envs/django/lib/python3.9/site-packages/django/db/models/query.py", line 380, in __len__
    self._fetch_all()
  File "/home/summer/miniconda3/envs/django/lib/python3.9/site-packages/django/db/models/query.py", line 1881, in _fetch_all
    self._result_cache = list(self._iterable_class(self))
  File "/home/summer/miniconda3/envs/django/lib/python3.9/site-packages/django/db/models/query.py", line 91, in __iter__
    results = compiler.execute_sql(
  File "/home/summer/miniconda3/envs/django/lib/python3.9/site-packages/django/db/models/sql/compiler.py", line 1562, in execute_sql
    cursor.execute(sql, params)
  File "/home/summer/miniconda3/envs/django/lib/python3.9/site-packages/django/db/backends/utils.py", line 102, in execute
    return super().execute(sql, params)
  File "/home/summer/miniconda3/envs/django/lib/python3.9/site-packages/django/db/backends/utils.py", line 67, in execute
    return self._execute_with_wrappers(
  File "/home/summer/miniconda3/envs/django/lib/python3.9/site-packages/django/db/backends/utils.py", line 80, in _execute_with_wrappers
    return executor(sql, params, many, context)
  File "/home/summer/miniconda3/envs/django/lib/python3.9/site-packages/django/db/backends/utils.py", line 89, in _execute
    return self.cursor.execute(sql, params)
  File "/home/summer/miniconda3/envs/django/lib/python3.9/site-packages/django/db/utils.py", line 91, in __exit__
    raise dj_exc_value.with_traceback(traceback) from exc_value
  File "/home/summer/miniconda3/envs/django/lib/python3.9/site-packages/django/db/backends/utils.py", line 89, in _execute
    return self.cursor.execute(sql, params)
  File "/home/summer/miniconda3/envs/django/lib/python3.9/site-packages/django/db/backends/mysql/base.py", line 75, in execute
    return self.cursor.execute(query, args)
  File "/home/summer/miniconda3/envs/django/lib/python3.9/site-packages/MySQLdb/cursors.py", line 206, in execute
    res = self._query(query)
  File "/home/summer/miniconda3/envs/django/lib/python3.9/site-packages/MySQLdb/cursors.py", line 319, in _query
    db.query(q)
  File "/home/summer/miniconda3/envs/django/lib/python3.9/site-packages/MySQLdb/connections.py", line 254, in query
    _mysql.connection.query(self, query)
django.db.utils.OperationalError: (1054, "Unknown column 'document_prototype.project_id' in 'field list'")
[pid: 45807|app: 0|req: 351/974] 219.239.227.188 () {48 vars in 961 bytes} [Thu Aug 31 09:59:14 2023] GET /api/document/view_prototype/2/?prototype_id=2 => generated 162357 bytes in 62 msecs (HTTP/1.1 500) 9 headers in 335 bytes (1 switches on core 0)
[pid: 45807|app: 0|req: 352/976] 219.239.227.188 () {52 vars in 873 bytes} [Thu Aug 31 09:59:23 2023] OPTIONS /api/team/all_projects/ => generated 0 bytes in 0 msecs (HTTP/1.1 200) 8 headers in 459 bytes (1 switches on core 1)
[pid: 45804|app: 0|req: 194/976] 219.239.227.188 () {52 vars in 900 bytes} [Thu Aug 31 09:59:23 2023] OPTIONS /api/team/get_current_team/?user_id=2 => generated 0 bytes in 0 msecs (HTTP/1.1 200) 8 headers in 459 bytes (1 switches on core 1)
[pid: 45807|app: 0|req: 353/977] 219.239.227.188 () {52 vars in 867 bytes} [Thu Aug 31 09:59:23 2023] OPTIONS /api/team/all_teams/ => generated 0 bytes in 0 msecs (HTTP/1.1 200) 8 headers in 459 bytes (1 switches on core 1)
[pid: 45806|app: 0|req: 263/978] 219.239.227.188 () {52 vars in 900 bytes} [Thu Aug 31 09:59:23 2023] OPTIONS /api/team/get_current_team/?user_id=2 => generated 0 bytes in 0 msecs (HTTP/1.1 200) 8 headers in 459 bytes (1 switches on core 1)
[pid: 45804|app: 0|req: 195/979] 219.239.227.188 () {52 vars in 869 bytes} [Thu Aug 31 09:59:23 2023] OPTIONS /api/user/show_info/0 => generated 0 bytes in 0 msecs (HTTP/1.1 200) 8 headers in 459 bytes (1 switches on core 1)
[pid: 45806|app: 0|req: 264/980] 219.239.227.188 () {52 vars in 873 bytes} [Thu Aug 31 09:59:23 2023] OPTIONS /api/team/all_projects/ => generated 0 bytes in 1 msecs (HTTP/1.1 200) 8 headers in 459 bytes (1 switches on core 0)
[pid: 45806|app: 0|req: 266/981] 219.239.227.188 () {48 vars in 912 bytes} [Thu Aug 31 09:59:23 2023] GET /api/user/show_info/0 => generated 0 bytes in 13 msecs (HTTP/1.1 301) 5 headers in 214 bytes (1 switches on core 0)
get_current_team 我在获取所有成员 :  2
all_projects 我在获取所有成员 :  2
1
3
all_projects 我在获取所有成员 :  2
get_current_team 我在获取所有成员 :  2
[pid: 45802|app: 0|req: 170/983] 219.239.227.188 () {48 vars in 916 bytes} [Thu Aug 31 09:59:23 2023] GET /api/team/all_projects/ => generated 133 bytes in 45 msecs (HTTP/1.1 200) 9 headers in 305 bytes (1 switches on core 0)
[pid: 45806|app: 0|req: 266/983] 219.239.227.188 () {48 vars in 916 bytes} [Thu Aug 31 09:59:23 2023] GET /api/team/all_projects/ => generated 133 bytes in 47 msecs (HTTP/1.1 200) 9 headers in 305 bytes (1 switches on core 1)
[pid: 45804|app: 0|req: 197/984] 219.239.227.188 () {48 vars in 910 bytes} [Thu Aug 31 09:59:23 2023] GET /api/team/all_teams/ => generated 216 bytes in 54 msecs (HTTP/1.1 200) 9 headers in 305 bytes (1 switches on core 1)
[pid: 45804|app: 0|req: 197/985] 219.239.227.188 () {48 vars in 943 bytes} [Thu Aug 31 09:59:23 2023] GET /api/team/get_current_team/?user_id=2 => generated 267 bytes in 54 msecs (HTTP/1.1 200) 9 headers in 305 bytes (1 switches on core 0)
[pid: 45802|app: 0|req: 170/986] 219.239.227.188 () {48 vars in 943 bytes} [Thu Aug 31 09:59:23 2023] GET /api/team/get_current_team/?user_id=2 => generated 267 bytes in 54 msecs (HTTP/1.1 200) 9 headers in 305 bytes (1 switches on core 1)
[pid: 45802|app: 0|req: 171/987] 219.239.227.188 () {52 vars in 871 bytes} [Thu Aug 31 09:59:23 2023] OPTIONS /api/user/show_info/0/ => generated 0 bytes in 1 msecs (HTTP/1.1 200) 8 headers in 459 bytes (1 switches on core 0)
is_login :  True
[pid: 45807|app: 0|req: 354/988] 219.239.227.188 () {48 vars in 914 bytes} [Thu Aug 31 09:59:23 2023] GET /api/user/show_info/0/ => generated 256 bytes in 17 msecs (HTTP/1.1 200) 9 headers in 305 bytes (1 switches on core 0)
[pid: 45807|app: 0|req: 355/989] 219.239.227.188 () {52 vars in 916 bytes} [Thu Aug 31 09:59:36 2023] OPTIONS /api/document/view_prototype/1?prototype_id=1 => generated 0 bytes in 0 msecs (HTTP/1.1 200) 8 headers in 459 bytes (1 switches on core 1)
[pid: 45806|app: 0|req: 267/990] 219.239.227.188 () {48 vars in 959 bytes} [Thu Aug 31 09:59:36 2023] GET /api/document/view_prototype/1?prototype_id=1 => generated 0 bytes in 5 msecs (HTTP/1.1 301) 5 headers in 238 bytes (1 switches on core 0)
[pid: 45806|app: 0|req: 268/991] 219.239.227.188 () {52 vars in 918 bytes} [Thu Aug 31 09:59:36 2023] OPTIONS /api/document/view_prototype/1/?prototype_id=1 => generated 0 bytes in 1 msecs (HTTP/1.1 200) 8 headers in 459 bytes (1 switches on core 1)
当前用户 :  2
Internal Server Error: /api/document/view_prototype/1/
Traceback (most recent call last):
  File "/home/summer/miniconda3/envs/django/lib/python3.9/site-packages/django/db/backends/utils.py", line 89, in _execute
    return self.cursor.execute(sql, params)
  File "/home/summer/miniconda3/envs/django/lib/python3.9/site-packages/django/db/backends/mysql/base.py", line 75, in execute
    return self.cursor.execute(query, args)
  File "/home/summer/miniconda3/envs/django/lib/python3.9/site-packages/MySQLdb/cursors.py", line 206, in execute
    res = self._query(query)
  File "/home/summer/miniconda3/envs/django/lib/python3.9/site-packages/MySQLdb/cursors.py", line 319, in _query
    db.query(q)
  File "/home/summer/miniconda3/envs/django/lib/python3.9/site-packages/MySQLdb/connections.py", line 254, in query
    _mysql.connection.query(self, query)
MySQLdb.OperationalError: (1054, "Unknown column 'document_prototype.project_id' in 'field list'")

The above exception was the direct cause of the following exception:

Traceback (most recent call last):
  File "/home/summer/miniconda3/envs/django/lib/python3.9/site-packages/django/core/handlers/exception.py", line 55, in inner
    response = get_response(request)
  File "/home/summer/miniconda3/envs/django/lib/python3.9/site-packages/django/core/handlers/base.py", line 197, in _get_response
    response = wrapped_callback(request, *callback_args, **callback_kwargs)
  File "/home/summer/summer_backend/./user/authentication.py", line 26, in valid_per
    return func(request, *args, **kwargs)
  File "/home/summer/summer_backend/./document/views.py", line 252, in view_prototype
    prototype = Prototype.objects.get(id=prototype_id, is_deleted=False)
  File "/home/summer/miniconda3/envs/django/lib/python3.9/site-packages/django/db/models/manager.py", line 87, in manager_method
    return getattr(self.get_queryset(), name)(*args, **kwargs)
  File "/home/summer/miniconda3/envs/django/lib/python3.9/site-packages/django/db/models/query.py", line 633, in get
    num = len(clone)
  File "/home/summer/miniconda3/envs/django/lib/python3.9/site-packages/django/db/models/query.py", line 380, in __len__
    self._fetch_all()
  File "/home/summer/miniconda3/envs/django/lib/python3.9/site-packages/django/db/models/query.py", line 1881, in _fetch_all
    self._result_cache = list(self._iterable_class(self))
  File "/home/summer/miniconda3/envs/django/lib/python3.9/site-packages/django/db/models/query.py", line 91, in __iter__
    results = compiler.execute_sql(
  File "/home/summer/miniconda3/envs/django/lib/python3.9/site-packages/django/db/models/sql/compiler.py", line 1562, in execute_sql
    cursor.execute(sql, params)
  File "/home/summer/miniconda3/envs/django/lib/python3.9/site-packages/django/db/backends/utils.py", line 102, in execute
    return super().execute(sql, params)
  File "/home/summer/miniconda3/envs/django/lib/python3.9/site-packages/django/db/backends/utils.py", line 67, in execute
    return self._execute_with_wrappers(
  File "/home/summer/miniconda3/envs/django/lib/python3.9/site-packages/django/db/backends/utils.py", line 80, in _execute_with_wrappers
    return executor(sql, params, many, context)
  File "/home/summer/miniconda3/envs/django/lib/python3.9/site-packages/django/db/backends/utils.py", line 89, in _execute
    return self.cursor.execute(sql, params)
  File "/home/summer/miniconda3/envs/django/lib/python3.9/site-packages/django/db/utils.py", line 91, in __exit__
    raise dj_exc_value.with_traceback(traceback) from exc_value
  File "/home/summer/miniconda3/envs/django/lib/python3.9/site-packages/django/db/backends/utils.py", line 89, in _execute
    return self.cursor.execute(sql, params)
  File "/home/summer/miniconda3/envs/django/lib/python3.9/site-packages/django/db/backends/mysql/base.py", line 75, in execute
    return self.cursor.execute(query, args)
  File "/home/summer/miniconda3/envs/django/lib/python3.9/site-packages/MySQLdb/cursors.py", line 206, in execute
    res = self._query(query)
  File "/home/summer/miniconda3/envs/django/lib/python3.9/site-packages/MySQLdb/cursors.py", line 319, in _query
    db.query(q)
  File "/home/summer/miniconda3/envs/django/lib/python3.9/site-packages/MySQLdb/connections.py", line 254, in query
    _mysql.connection.query(self, query)
django.db.utils.OperationalError: (1054, "Unknown column 'document_prototype.project_id' in 'field list'")
[pid: 45807|app: 0|req: 356/992] 219.239.227.188 () {48 vars in 961 bytes} [Thu Aug 31 09:59:36 2023] GET /api/document/view_prototype/1/?prototype_id=1 => generated 162387 bytes in 61 msecs (HTTP/1.1 500) 9 headers in 335 bytes (1 switches on core 1)
[pid: 45802|app: 0|req: 172/993] 219.239.227.188 () {52 vars in 916 bytes} [Thu Aug 31 10:12:32 2023] OPTIONS /api/document/view_prototype/1?prototype_id=1 => generated 0 bytes in 1 msecs (HTTP/1.1 200) 8 headers in 459 bytes (1 switches on core 1)
[pid: 45807|app: 0|req: 357/994] 219.239.227.188 () {48 vars in 959 bytes} [Thu Aug 31 10:12:32 2023] GET /api/document/view_prototype/1?prototype_id=1 => generated 0 bytes in 5 msecs (HTTP/1.1 301) 5 headers in 238 bytes (1 switches on core 0)
[pid: 45807|app: 0|req: 358/995] 219.239.227.188 () {52 vars in 918 bytes} [Thu Aug 31 10:12:32 2023] OPTIONS /api/document/view_prototype/1/?prototype_id=1 => generated 0 bytes in 0 msecs (HTTP/1.1 200) 8 headers in 459 bytes (1 switches on core 1)
当前用户 :  2
Internal Server Error: /api/document/view_prototype/1/
Traceback (most recent call last):
  File "/home/summer/miniconda3/envs/django/lib/python3.9/site-packages/django/db/backends/utils.py", line 89, in _execute
    return self.cursor.execute(sql, params)
  File "/home/summer/miniconda3/envs/django/lib/python3.9/site-packages/django/db/backends/mysql/base.py", line 75, in execute
    return self.cursor.execute(query, args)
  File "/home/summer/miniconda3/envs/django/lib/python3.9/site-packages/MySQLdb/cursors.py", line 206, in execute
    res = self._query(query)
  File "/home/summer/miniconda3/envs/django/lib/python3.9/site-packages/MySQLdb/cursors.py", line 319, in _query
    db.query(q)
  File "/home/summer/miniconda3/envs/django/lib/python3.9/site-packages/MySQLdb/connections.py", line 254, in query
    _mysql.connection.query(self, query)
MySQLdb.OperationalError: (1054, "Unknown column 'document_prototype.project_id' in 'field list'")

The above exception was the direct cause of the following exception:

Traceback (most recent call last):
  File "/home/summer/miniconda3/envs/django/lib/python3.9/site-packages/django/core/handlers/exception.py", line 55, in inner
    response = get_response(request)
  File "/home/summer/miniconda3/envs/django/lib/python3.9/site-packages/django/core/handlers/base.py", line 197, in _get_response
    response = wrapped_callback(request, *callback_args, **callback_kwargs)
  File "/home/summer/summer_backend/./user/authentication.py", line 26, in valid_per
    return func(request, *args, **kwargs)
  File "/home/summer/summer_backend/./document/views.py", line 252, in view_prototype
    prototype = Prototype.objects.get(id=prototype_id, is_deleted=False)
  File "/home/summer/miniconda3/envs/django/lib/python3.9/site-packages/django/db/models/manager.py", line 87, in manager_method
    return getattr(self.get_queryset(), name)(*args, **kwargs)
  File "/home/summer/miniconda3/envs/django/lib/python3.9/site-packages/django/db/models/query.py", line 633, in get
    num = len(clone)
  File "/home/summer/miniconda3/envs/django/lib/python3.9/site-packages/django/db/models/query.py", line 380, in __len__
    self._fetch_all()
  File "/home/summer/miniconda3/envs/django/lib/python3.9/site-packages/django/db/models/query.py", line 1881, in _fetch_all
    self._result_cache = list(self._iterable_class(self))
  File "/home/summer/miniconda3/envs/django/lib/python3.9/site-packages/django/db/models/query.py", line 91, in __iter__
    results = compiler.execute_sql(
  File "/home/summer/miniconda3/envs/django/lib/python3.9/site-packages/django/db/models/sql/compiler.py", line 1562, in execute_sql
    cursor.execute(sql, params)
  File "/home/summer/miniconda3/envs/django/lib/python3.9/site-packages/django/db/backends/utils.py", line 102, in execute
    return super().execute(sql, params)
  File "/home/summer/miniconda3/envs/django/lib/python3.9/site-packages/django/db/backends/utils.py", line 67, in execute
    return self._execute_with_wrappers(
  File "/home/summer/miniconda3/envs/django/lib/python3.9/site-packages/django/db/backends/utils.py", line 80, in _execute_with_wrappers
    return executor(sql, params, many, context)
  File "/home/summer/miniconda3/envs/django/lib/python3.9/site-packages/django/db/backends/utils.py", line 89, in _execute
    return self.cursor.execute(sql, params)
  File "/home/summer/miniconda3/envs/django/lib/python3.9/site-packages/django/db/utils.py", line 91, in __exit__
    raise dj_exc_value.with_traceback(traceback) from exc_value
  File "/home/summer/miniconda3/envs/django/lib/python3.9/site-packages/django/db/backends/utils.py", line 89, in _execute
    return self.cursor.execute(sql, params)
  File "/home/summer/miniconda3/envs/django/lib/python3.9/site-packages/django/db/backends/mysql/base.py", line 75, in execute
    return self.cursor.execute(query, args)
  File "/home/summer/miniconda3/envs/django/lib/python3.9/site-packages/MySQLdb/cursors.py", line 206, in execute
    res = self._query(query)
  File "/home/summer/miniconda3/envs/django/lib/python3.9/site-packages/MySQLdb/cursors.py", line 319, in _query
    db.query(q)
  File "/home/summer/miniconda3/envs/django/lib/python3.9/site-packages/MySQLdb/connections.py", line 254, in query
    _mysql.connection.query(self, query)
django.db.utils.OperationalError: (1054, "Unknown column 'document_prototype.project_id' in 'field list'")
[pid: 45804|app: 0|req: 198/996] 219.239.227.188 () {48 vars in 961 bytes} [Thu Aug 31 10:12:32 2023] GET /api/document/view_prototype/1/?prototype_id=1 => generated 162387 bytes in 62 msecs (HTTP/1.1 500) 9 headers in 335 bytes (1 switches on core 1)
