[pid: 314720|app: 0|req: 8/20] 219.239.227.240 () {42 vars in 723 bytes} [Sun Aug 27 21:31:07 2023] GET /api/document/view_document/3/ => generated 300 bytes in 22 msecs (HTTP/1.1 200) 9 headers in 313 bytes (1 switches on core 1)
1
[pid: 314720|app: 0|req: 9/21] 219.239.227.240 () {42 vars in 723 bytes} [Sun Aug 27 21:31:11 2023] GET /api/document/view_document/3/ => generated 300 bytes in 23 msecs (HTTP/1.1 200) 9 headers in 313 bytes (1 switches on core 0)
1
3
4
[pid: 314718|app: 0|req: 5/22] 219.239.227.245 () {42 vars in 832 bytes} [Sun Aug 27 21:31:11 2023] GET /api/user/personal_info/ => generated 266 bytes in 48 msecs (HTTP/1.1 200) 9 headers in 305 bytes (1 switches on core 0)
[pid: 314720|app: 0|req: 10/23] 219.239.227.245 () {42 vars in 824 bytes} [Sun Aug 27 21:31:11 2023] GET /api/team/all_teams/ => generated 218 bytes in 47 msecs (HTTP/1.1 200) 9 headers in 305 bytes (1 switches on core 1)
Internal Server Error: /api/team/all_members/
Traceback (most recent call last):
  File "/home/summer/miniconda3/envs/django/lib/python3.9/site-packages/django/db/models/fields/__init__.py", line 2053, in get_prep_value
    return int(value)
ValueError: invalid literal for int() with base 10: ''

The above exception was the direct cause of the following exception:

Traceback (most recent call last):
  File "/home/summer/miniconda3/envs/django/lib/python3.9/site-packages/django/core/handlers/exception.py", line 55, in inner
    response = get_response(request)
  File "/home/summer/miniconda3/envs/django/lib/python3.9/site-packages/django/core/handlers/base.py", line 197, in _get_response
    response = wrapped_callback(request, *callback_args, **callback_kwargs)
  File "/home/summer/summer_backend/./user/authentication.py", line 26, in valid_per
    return func(request, *args, **kwargs)
  File "/home/summer/summer_backend/./team/views.py", line 215, in all_members
    team=Team.objects.get(id=team_id)
  File "/home/summer/miniconda3/envs/django/lib/python3.9/site-packages/django/db/models/manager.py", line 87, in manager_method
    return getattr(self.get_queryset(), name)(*args, **kwargs)
  File "/home/summer/miniconda3/envs/django/lib/python3.9/site-packages/django/db/models/query.py", line 623, in get
    clone = self._chain() if self.query.combinator else self.filter(*args, **kwargs)
  File "/home/summer/miniconda3/envs/django/lib/python3.9/site-packages/django/db/models/query.py", line 1436, in filter
    return self._filter_or_exclude(False, args, kwargs)
  File "/home/summer/miniconda3/envs/django/lib/python3.9/site-packages/django/db/models/query.py", line 1454, in _filter_or_exclude
    clone._filter_or_exclude_inplace(negate, args, kwargs)
  File "/home/summer/miniconda3/envs/django/lib/python3.9/site-packages/django/db/models/query.py", line 1461, in _filter_or_exclude_inplace
    self._query.add_q(Q(*args, **kwargs))
  File "/home/summer/miniconda3/envs/django/lib/python3.9/site-packages/django/db/models/sql/query.py", line 1545, in add_q
    clause, _ = self._add_q(q_object, self.used_aliases)
  File "/home/summer/miniconda3/envs/django/lib/python3.9/site-packages/django/db/models/sql/query.py", line 1576, in _add_q
    child_clause, needed_inner = self.build_filter(
  File "/home/summer/miniconda3/envs/django/lib/python3.9/site-packages/django/db/models/sql/query.py", line 1491, in build_filter
    condition = self.build_lookup(lookups, col, value)
  File "/home/summer/miniconda3/envs/django/lib/python3.9/site-packages/django/db/models/sql/query.py", line 1318, in build_lookup
    lookup = lookup_class(lhs, rhs)
  File "/home/summer/miniconda3/envs/django/lib/python3.9/site-packages/django/db/models/lookups.py", line 27, in __init__
    self.rhs = self.get_prep_lookup()
  File "/home/summer/miniconda3/envs/django/lib/python3.9/site-packages/django/db/models/lookups.py", line 341, in get_prep_lookup
    return super().get_prep_lookup()
  File "/home/summer/miniconda3/envs/django/lib/python3.9/site-packages/django/db/models/lookups.py", line 85, in get_prep_lookup
    return self.lhs.output_field.get_prep_value(self.rhs)
  File "/home/summer/miniconda3/envs/django/lib/python3.9/site-packages/django/db/models/fields/__init__.py", line 2055, in get_prep_value
    raise e.__class__(
ValueError: Field 'id' expected a number but got ''.
[pid: 314718|app: 0|req: 5/24] 219.239.227.245 () {42 vars in 845 bytes} [Sun Aug 27 21:31:11 2023] GET /api/team/all_members/?team_id= => generated 129678 bytes in 97 msecs (HTTP/1.1 500) 9 headers in 335 bytes (1 switches on core 1)
[pid: 314716|app: 0|req: 2/25] 219.239.227.245 () {42 vars in 859 bytes} [Sun Aug 27 21:31:11 2023] GET /api/team/get_current_team/?user_id=11 => generated 248 bytes in 150 msecs (HTTP/1.1 200) 9 headers in 305 bytes (1 switches on core 0)
[pid: 314716|app: 0|req: 2/26] 219.239.227.245 () {42 vars in 830 bytes} [Sun Aug 27 21:31:11 2023] GET /api/team/all_projects/ => generated 99 bytes in 153 msecs (HTTP/1.1 200) 9 headers in 304 bytes (1 switches on core 1)
[pid: 314720|app: 0|req: 11/27] 219.239.227.240 () {48 vars in 971 bytes} [Sun Aug 27 21:31:15 2023] POST /api/document/save_document/ => generated 65 bytes in 28 msecs (HTTP/1.1 200) 9 headers in 304 bytes (1 switches on core 0)
[pid: 314720|app: 0|req: 12/28] 219.239.227.218 () {38 vars in 647 bytes} [Sun Aug 27 21:31:49 2023] GET /api/team/all_members/?team_id=1 => generated 536 bytes in 28 msecs (HTTP/1.1 200) 7 headers in 213 bytes (1 switches on core 1)
1
3
[pid: 314721|app: 0|req: 10/29] 219.239.227.245 () {42 vars in 832 bytes} [Sun Aug 27 21:31:54 2023] GET /api/user/personal_info/ => generated 266 bytes in 35 msecs (HTTP/1.1 200) 9 headers in 305 bytes (1 switches on core 1)
4
[pid: 314716|app: 0|req: 4/30] 219.239.227.245 () {42 vars in 830 bytes} [Sun Aug 27 21:31:54 2023] GET /api/team/all_projects/ => generated 99 bytes in 48 msecs (HTTP/1.1 200) 9 headers in 304 bytes (1 switches on core 1)
[pid: 314716|app: 0|req: 4/31] 219.239.227.245 () {42 vars in 824 bytes} [Sun Aug 27 21:31:54 2023] GET /api/team/all_teams/ => generated 218 bytes in 54 msecs (HTTP/1.1 200) 9 headers in 305 bytes (1 switches on core 0)
[pid: 314718|app: 0|req: 6/32] 219.239.227.245 () {42 vars in 859 bytes} [Sun Aug 27 21:31:54 2023] GET /api/team/get_current_team/?user_id=11 => generated 248 bytes in 58 msecs (HTTP/1.1 200) 9 headers in 305 bytes (1 switches on core 0)
Internal Server Error: /api/team/all_members/
Traceback (most recent call last):
  File "/home/summer/miniconda3/envs/django/lib/python3.9/site-packages/django/db/models/fields/__init__.py", line 2053, in get_prep_value
    return int(value)
ValueError: invalid literal for int() with base 10: ''

The above exception was the direct cause of the following exception:

Traceback (most recent call last):
  File "/home/summer/miniconda3/envs/django/lib/python3.9/site-packages/django/core/handlers/exception.py", line 55, in inner
    response = get_response(request)
  File "/home/summer/miniconda3/envs/django/lib/python3.9/site-packages/django/core/handlers/base.py", line 197, in _get_response
    response = wrapped_callback(request, *callback_args, **callback_kwargs)
  File "/home/summer/summer_backend/./user/authentication.py", line 26, in valid_per
    return func(request, *args, **kwargs)
  File "/home/summer/summer_backend/./team/views.py", line 215, in all_members
    team=Team.objects.get(id=team_id)
  File "/home/summer/miniconda3/envs/django/lib/python3.9/site-packages/django/db/models/manager.py", line 87, in manager_method
    return getattr(self.get_queryset(), name)(*args, **kwargs)
  File "/home/summer/miniconda3/envs/django/lib/python3.9/site-packages/django/db/models/query.py", line 623, in get
    clone = self._chain() if self.query.combinator else self.filter(*args, **kwargs)
  File "/home/summer/miniconda3/envs/django/lib/python3.9/site-packages/django/db/models/query.py", line 1436, in filter
    return self._filter_or_exclude(False, args, kwargs)
  File "/home/summer/miniconda3/envs/django/lib/python3.9/site-packages/django/db/models/query.py", line 1454, in _filter_or_exclude
    clone._filter_or_exclude_inplace(negate, args, kwargs)
  File "/home/summer/miniconda3/envs/django/lib/python3.9/site-packages/django/db/models/query.py", line 1461, in _filter_or_exclude_inplace
    self._query.add_q(Q(*args, **kwargs))
  File "/home/summer/miniconda3/envs/django/lib/python3.9/site-packages/django/db/models/sql/query.py", line 1545, in add_q
    clause, _ = self._add_q(q_object, self.used_aliases)
  File "/home/summer/miniconda3/envs/django/lib/python3.9/site-packages/django/db/models/sql/query.py", line 1576, in _add_q
    child_clause, needed_inner = self.build_filter(
  File "/home/summer/miniconda3/envs/django/lib/python3.9/site-packages/django/db/models/sql/query.py", line 1491, in build_filter
    condition = self.build_lookup(lookups, col, value)
  File "/home/summer/miniconda3/envs/django/lib/python3.9/site-packages/django/db/models/sql/query.py", line 1318, in build_lookup
    lookup = lookup_class(lhs, rhs)
  File "/home/summer/miniconda3/envs/django/lib/python3.9/site-packages/django/db/models/lookups.py", line 27, in __init__
    self.rhs = self.get_prep_lookup()
  File "/home/summer/miniconda3/envs/django/lib/python3.9/site-packages/django/db/models/lookups.py", line 341, in get_prep_lookup
    return super().get_prep_lookup()
  File "/home/summer/miniconda3/envs/django/lib/python3.9/site-packages/django/db/models/lookups.py", line 85, in get_prep_lookup
    return self.lhs.output_field.get_prep_value(self.rhs)
  File "/home/summer/miniconda3/envs/django/lib/python3.9/site-packages/django/db/models/fields/__init__.py", line 2055, in get_prep_value
    raise e.__class__(
ValueError: Field 'id' expected a number but got ''.
[pid: 314720|app: 0|req: 13/33] 219.239.227.245 () {42 vars in 845 bytes} [Sun Aug 27 21:31:54 2023] GET /api/team/all_members/?team_id= => generated 129678 bytes in 75 msecs (HTTP/1.1 500) 9 headers in 335 bytes (1 switches on core 0)
1
3
4
[pid: 314718|app: 0|req: 7/34] 219.239.227.245 () {42 vars in 832 bytes} [Sun Aug 27 21:32:02 2023] GET /api/user/personal_info/ => generated 266 bytes in 46 msecs (HTTP/1.1 200) 9 headers in 305 bytes (1 switches on core 1)
[pid: 314716|app: 0|req: 6/35] 219.239.227.245 () {42 vars in 824 bytes} [Sun Aug 27 21:32:02 2023] GET /api/team/all_teams/ => generated 218 bytes in 48 msecs (HTTP/1.1 200) 9 headers in 305 bytes (1 switches on core 1)
[pid: 314716|app: 0|req: 6/36] 219.239.227.245 () {42 vars in 859 bytes} [Sun Aug 27 21:32:02 2023] GET /api/team/get_current_team/?user_id=11 => generated 248 bytes in 48 msecs (HTTP/1.1 200) 9 headers in 305 bytes (1 switches on core 0)
[pid: 314720|app: 0|req: 15/37] 219.239.227.245 () {42 vars in 830 bytes} [Sun Aug 27 21:32:02 2023] GET /api/team/all_projects/ => generated 99 bytes in 53 msecs (HTTP/1.1 200) 9 headers in 304 bytes (1 switches on core 0)
Internal Server Error: /api/team/all_members/
Traceback (most recent call last):
  File "/home/summer/miniconda3/envs/django/lib/python3.9/site-packages/django/db/models/fields/__init__.py", line 2053, in get_prep_value
    return int(value)
ValueError: invalid literal for int() with base 10: ''

The above exception was the direct cause of the following exception:

Traceback (most recent call last):
  File "/home/summer/miniconda3/envs/django/lib/python3.9/site-packages/django/core/handlers/exception.py", line 55, in inner
    response = get_response(request)
  File "/home/summer/miniconda3/envs/django/lib/python3.9/site-packages/django/core/handlers/base.py", line 197, in _get_response
    response = wrapped_callback(request, *callback_args, **callback_kwargs)
  File "/home/summer/summer_backend/./user/authentication.py", line 26, in valid_per
    return func(request, *args, **kwargs)
  File "/home/summer/summer_backend/./team/views.py", line 215, in all_members
    team=Team.objects.get(id=team_id)
  File "/home/summer/miniconda3/envs/django/lib/python3.9/site-packages/django/db/models/manager.py", line 87, in manager_method
    return getattr(self.get_queryset(), name)(*args, **kwargs)
  File "/home/summer/miniconda3/envs/django/lib/python3.9/site-packages/django/db/models/query.py", line 623, in get
    clone = self._chain() if self.query.combinator else self.filter(*args, **kwargs)
  File "/home/summer/miniconda3/envs/django/lib/python3.9/site-packages/django/db/models/query.py", line 1436, in filter
    return self._filter_or_exclude(False, args, kwargs)
  File "/home/summer/miniconda3/envs/django/lib/python3.9/site-packages/django/db/models/query.py", line 1454, in _filter_or_exclude
    clone._filter_or_exclude_inplace(negate, args, kwargs)
  File "/home/summer/miniconda3/envs/django/lib/python3.9/site-packages/django/db/models/query.py", line 1461, in _filter_or_exclude_inplace
    self._query.add_q(Q(*args, **kwargs))
  File "/home/summer/miniconda3/envs/django/lib/python3.9/site-packages/django/db/models/sql/query.py", line 1545, in add_q
    clause, _ = self._add_q(q_object, self.used_aliases)
  File "/home/summer/miniconda3/envs/django/lib/python3.9/site-packages/django/db/models/sql/query.py", line 1576, in _add_q
    child_clause, needed_inner = self.build_filter(
  File "/home/summer/miniconda3/envs/django/lib/python3.9/site-packages/django/db/models/sql/query.py", line 1491, in build_filter
    condition = self.build_lookup(lookups, col, value)
  File "/home/summer/miniconda3/envs/django/lib/python3.9/site-packages/django/db/models/sql/query.py", line 1318, in build_lookup
    lookup = lookup_class(lhs, rhs)
  File "/home/summer/miniconda3/envs/django/lib/python3.9/site-packages/django/db/models/lookups.py", line 27, in __init__
    self.rhs = self.get_prep_lookup()
  File "/home/summer/miniconda3/envs/django/lib/python3.9/site-packages/django/db/models/lookups.py", line 341, in get_prep_lookup
    return super().get_prep_lookup()
  File "/home/summer/miniconda3/envs/django/lib/python3.9/site-packages/django/db/models/lookups.py", line 85, in get_prep_lookup
    return self.lhs.output_field.get_prep_value(self.rhs)
  File "/home/summer/miniconda3/envs/django/lib/python3.9/site-packages/django/db/models/fields/__init__.py", line 2055, in get_prep_value
    raise e.__class__(
ValueError: Field 'id' expected a number but got ''.
[pid: 314720|app: 0|req: 15/38] 219.239.227.245 () {42 vars in 845 bytes} [Sun Aug 27 21:32:02 2023] GET /api/team/all_members/?team_id= => generated 129678 bytes in 92 msecs (HTTP/1.1 500) 9 headers in 335 bytes (1 switches on core 1)
1
[pid: 314720|app: 0|req: 16/39] 219.239.227.240 () {42 vars in 723 bytes} [Sun Aug 27 21:32:05 2023] GET /api/document/view_document/3/ => generated 263 bytes in 23 msecs (HTTP/1.1 200) 9 headers in 313 bytes (1 switches on core 0)
1
[pid: 314720|app: 0|req: 17/40] 219.239.227.240 () {42 vars in 723 bytes} [Sun Aug 27 21:32:06 2023] GET /api/document/view_document/3/ => generated 263 bytes in 1095 msecs (HTTP/1.1 200) 9 headers in 313 bytes (1 switches on core 1)
[pid: 314718|app: 0|req: 8/41] 219.239.227.218 () {38 vars in 647 bytes} [Sun Aug 27 21:32:09 2023] GET /api/team/all_members/?team_id=1 => generated 536 bytes in 27 msecs (HTTP/1.1 200) 7 headers in 213 bytes (1 switches on core 0)
1
[pid: 314721|app: 0|req: 11/42] 219.239.227.240 () {42 vars in 723 bytes} [Sun Aug 27 21:32:11 2023] GET /api/document/view_document/3/ => generated 263 bytes in 454 msecs (HTTP/1.1 200) 9 headers in 313 bytes (1 switches on core 0)
[pid: 314718|app: 0|req: 9/43] 219.239.227.218 () {38 vars in 647 bytes} [Sun Aug 27 21:32:11 2023] GET /api/team/all_members/?team_id=1 => generated 536 bytes in 445 msecs (HTTP/1.1 200) 7 headers in 213 bytes (1 switches on core 1)
1
3
4
[pid: 314721|app: 0|req: 13/44] 219.239.227.245 () {42 vars in 832 bytes} [Sun Aug 27 21:32:16 2023] GET /api/user/personal_info/ => generated 266 bytes in 40 msecs (HTTP/1.1 200) 9 headers in 305 bytes (1 switches on core 0)
[pid: 314720|app: 0|req: 19/45] 219.239.227.245 () {42 vars in 824 bytes} [Sun Aug 27 21:32:16 2023] GET /api/team/all_teams/ => generated 218 bytes in 42 msecs (HTTP/1.1 200) 9 headers in 305 bytes (1 switches on core 0)
[pid: 314721|app: 0|req: 13/46] 219.239.227.245 () {42 vars in 830 bytes} [Sun Aug 27 21:32:16 2023] GET /api/team/all_projects/ => generated 99 bytes in 47 msecs (HTTP/1.1 200) 9 headers in 304 bytes (1 switches on core 1)
[pid: 314720|app: 0|req: 19/47] 219.239.227.245 () {42 vars in 859 bytes} [Sun Aug 27 21:32:16 2023] GET /api/team/get_current_team/?user_id=11 => generated 248 bytes in 57 msecs (HTTP/1.1 200) 9 headers in 305 bytes (1 switches on core 1)
Internal Server Error: /api/team/all_members/
Traceback (most recent call last):
  File "/home/summer/miniconda3/envs/django/lib/python3.9/site-packages/django/db/models/fields/__init__.py", line 2053, in get_prep_value
    return int(value)
ValueError: invalid literal for int() with base 10: ''

The above exception was the direct cause of the following exception:

Traceback (most recent call last):
  File "/home/summer/miniconda3/envs/django/lib/python3.9/site-packages/django/core/handlers/exception.py", line 55, in inner
    response = get_response(request)
  File "/home/summer/miniconda3/envs/django/lib/python3.9/site-packages/django/core/handlers/base.py", line 197, in _get_response
    response = wrapped_callback(request, *callback_args, **callback_kwargs)
  File "/home/summer/summer_backend/./user/authentication.py", line 26, in valid_per
    return func(request, *args, **kwargs)
  File "/home/summer/summer_backend/./team/views.py", line 215, in all_members
    team=Team.objects.get(id=team_id)
  File "/home/summer/miniconda3/envs/django/lib/python3.9/site-packages/django/db/models/manager.py", line 87, in manager_method
    return getattr(self.get_queryset(), name)(*args, **kwargs)
  File "/home/summer/miniconda3/envs/django/lib/python3.9/site-packages/django/db/models/query.py", line 623, in get
    clone = self._chain() if self.query.combinator else self.filter(*args, **kwargs)
  File "/home/summer/miniconda3/envs/django/lib/python3.9/site-packages/django/db/models/query.py", line 1436, in filter
    return self._filter_or_exclude(False, args, kwargs)
  File "/home/summer/miniconda3/envs/django/lib/python3.9/site-packages/django/db/models/query.py", line 1454, in _filter_or_exclude
    clone._filter_or_exclude_inplace(negate, args, kwargs)
  File "/home/summer/miniconda3/envs/django/lib/python3.9/site-packages/django/db/models/query.py", line 1461, in _filter_or_exclude_inplace
    self._query.add_q(Q(*args, **kwargs))
  File "/home/summer/miniconda3/envs/django/lib/python3.9/site-packages/django/db/models/sql/query.py", line 1545, in add_q
    clause, _ = self._add_q(q_object, self.used_aliases)
  File "/home/summer/miniconda3/envs/django/lib/python3.9/site-packages/django/db/models/sql/query.py", line 1576, in _add_q
    child_clause, needed_inner = self.build_filter(
  File "/home/summer/miniconda3/envs/django/lib/python3.9/site-packages/django/db/models/sql/query.py", line 1491, in build_filter
    condition = self.build_lookup(lookups, col, value)
  File "/home/summer/miniconda3/envs/django/lib/python3.9/site-packages/django/db/models/sql/query.py", line 1318, in build_lookup
    lookup = lookup_class(lhs, rhs)
  File "/home/summer/miniconda3/envs/django/lib/python3.9/site-packages/django/db/models/lookups.py", line 27, in __init__
    self.rhs = self.get_prep_lookup()
  File "/home/summer/miniconda3/envs/django/lib/python3.9/site-packages/django/db/models/lookups.py", line 341, in get_prep_lookup
    return super().get_prep_lookup()
  File "/home/summer/miniconda3/envs/django/lib/python3.9/site-packages/django/db/models/lookups.py", line 85, in get_prep_lookup
    return self.lhs.output_field.get_prep_value(self.rhs)
  File "/home/summer/miniconda3/envs/django/lib/python3.9/site-packages/django/db/models/fields/__init__.py", line 2055, in get_prep_value
    raise e.__class__(
ValueError: Field 'id' expected a number but got ''.
[pid: 314716|app: 0|req: 7/48] 219.239.227.245 () {42 vars in 845 bytes} [Sun Aug 27 21:32:16 2023] GET /api/team/all_members/?team_id= => generated 129678 bytes in 93 msecs (HTTP/1.1 500) 9 headers in 335 bytes (1 switches on core 1)
[pid: 314718|app: 0|req: 10/49] 219.239.227.245 () {42 vars in 832 bytes} [Sun Aug 27 21:32:21 2023] GET /api/user/personal_info/ => generated 266 bytes in 35 msecs (HTTP/1.1 200) 9 headers in 305 bytes (1 switches on core 0)
1
3
4
[pid: 314716|app: 0|req: 9/50] 219.239.227.245 () {42 vars in 824 bytes} [Sun Aug 27 21:32:21 2023] GET /api/team/all_teams/ => generated 218 bytes in 55 msecs (HTTP/1.1 200) 9 headers in 305 bytes (1 switches on core 1)
[pid: 314721|app: 0|req: 15/51] 219.239.227.245 () {42 vars in 830 bytes} [Sun Aug 27 21:32:21 2023] GET /api/team/all_projects/ => generated 99 bytes in 61 msecs (HTTP/1.1 200) 9 headers in 304 bytes (1 switches on core 0)
[pid: 314716|app: 0|req: 9/52] 219.239.227.245 () {42 vars in 859 bytes} [Sun Aug 27 21:32:21 2023] GET /api/team/get_current_team/?user_id=11 => generated 248 bytes in 59 msecs (HTTP/1.1 200) 9 headers in 305 bytes (1 switches on core 0)
Internal Server Error: /api/team/all_members/
Traceback (most recent call last):
  File "/home/summer/miniconda3/envs/django/lib/python3.9/site-packages/django/db/models/fields/__init__.py", line 2053, in get_prep_value
    return int(value)
ValueError: invalid literal for int() with base 10: ''

The above exception was the direct cause of the following exception:

Traceback (most recent call last):
  File "/home/summer/miniconda3/envs/django/lib/python3.9/site-packages/django/core/handlers/exception.py", line 55, in inner
    response = get_response(request)
  File "/home/summer/miniconda3/envs/django/lib/python3.9/site-packages/django/core/handlers/base.py", line 197, in _get_response
    response = wrapped_callback(request, *callback_args, **callback_kwargs)
  File "/home/summer/summer_backend/./user/authentication.py", line 26, in valid_per
    return func(request, *args, **kwargs)
  File "/home/summer/summer_backend/./team/views.py", line 215, in all_members
    team=Team.objects.get(id=team_id)
  File "/home/summer/miniconda3/envs/django/lib/python3.9/site-packages/django/db/models/manager.py", line 87, in manager_method
    return getattr(self.get_queryset(), name)(*args, **kwargs)
  File "/home/summer/miniconda3/envs/django/lib/python3.9/site-packages/django/db/models/query.py", line 623, in get
    clone = self._chain() if self.query.combinator else self.filter(*args, **kwargs)
  File "/home/summer/miniconda3/envs/django/lib/python3.9/site-packages/django/db/models/query.py", line 1436, in filter
    return self._filter_or_exclude(False, args, kwargs)
  File "/home/summer/miniconda3/envs/django/lib/python3.9/site-packages/django/db/models/query.py", line 1454, in _filter_or_exclude
    clone._filter_or_exclude_inplace(negate, args, kwargs)
  File "/home/summer/miniconda3/envs/django/lib/python3.9/site-packages/django/db/models/query.py", line 1461, in _filter_or_exclude_inplace
    self._query.add_q(Q(*args, **kwargs))
  File "/home/summer/miniconda3/envs/django/lib/python3.9/site-packages/django/db/models/sql/query.py", line 1545, in add_q
    clause, _ = self._add_q(q_object, self.used_aliases)
  File "/home/summer/miniconda3/envs/django/lib/python3.9/site-packages/django/db/models/sql/query.py", line 1576, in _add_q
    child_clause, needed_inner = self.build_filter(
  File "/home/summer/miniconda3/envs/django/lib/python3.9/site-packages/django/db/models/sql/query.py", line 1491, in build_filter
    condition = self.build_lookup(lookups, col, value)
  File "/home/summer/miniconda3/envs/django/lib/python3.9/site-packages/django/db/models/sql/query.py", line 1318, in build_lookup
    lookup = lookup_class(lhs, rhs)
  File "/home/summer/miniconda3/envs/django/lib/python3.9/site-packages/django/db/models/lookups.py", line 27, in __init__
    self.rhs = self.get_prep_lookup()
  File "/home/summer/miniconda3/envs/django/lib/python3.9/site-packages/django/db/models/lookups.py", line 341, in get_prep_lookup
    return super().get_prep_lookup()
  File "/home/summer/miniconda3/envs/django/lib/python3.9/site-packages/django/db/models/lookups.py", line 85, in get_prep_lookup
    return self.lhs.output_field.get_prep_value(self.rhs)
  File "/home/summer/miniconda3/envs/django/lib/python3.9/site-packages/django/db/models/fields/__init__.py", line 2055, in get_prep_value
    raise e.__class__(
ValueError: Field 'id' expected a number but got ''.
[pid: 314721|app: 0|req: 15/53] 219.239.227.245 () {42 vars in 845 bytes} [Sun Aug 27 21:32:21 2023] GET /api/team/all_members/?team_id= => generated 129678 bytes in 79 msecs (HTTP/1.1 500) 9 headers in 335 bytes (1 switches on core 1)
[pid: 314721|app: 0|req: 16/54] 220.196.160.117 () {42 vars in 817 bytes} [Sun Aug 27 21:32:26 2023] GET /api/team/all_members/ => generated 43 bytes in 1 msecs (HTTP/1.1 200) 7 headers in 212 bytes (1 switches on core 0)
1
[pid: 314721|app: 0|req: 17/55] 219.239.227.240 () {42 vars in 723 bytes} [Sun Aug 27 21:33:27 2023] GET /api/document/view_document/3/ => generated 263 bytes in 23 msecs (HTTP/1.1 200) 9 headers in 313 bytes (1 switches on core 1)
1
[pid: 314720|app: 0|req: 20/56] 219.239.227.240 () {42 vars in 723 bytes} [Sun Aug 27 21:33:31 2023] GET /api/document/view_document/3/ => generated 263 bytes in 23 msecs (HTTP/1.1 200) 9 headers in 313 bytes (1 switches on core 0)
1
[pid: 314720|app: 0|req: 21/57] 219.239.227.240 () {42 vars in 723 bytes} [Sun Aug 27 21:33:37 2023] GET /api/document/view_document/3/ => generated 263 bytes in 21 msecs (HTTP/1.1 200) 9 headers in 313 bytes (1 switches on core 1)
SIGINT/SIGTERM received...killing workers...
worker 1 buried after 1 seconds
worker 2 buried after 1 seconds
worker 3 buried after 1 seconds
worker 4 buried after 1 seconds
goodbye to uWSGI.
*** Starting uWSGI 2.0.21 (64bit) on [Sun Aug 27 21:34:17 2023] ***
compiled with version: 11.2.0 on 28 March 2023 07:25:39
os: Linux-5.4.0-139-generic #156-Ubuntu SMP Fri Jan 20 17:27:18 UTC 2023
nodename: VM-8-13-ubuntu
machine: x86_64
clock source: unix
pcre jit disabled
detected number of CPU cores: 2
current working directory: /home/summer/summer_backend
writing pidfile to uwsgi.pid
detected binary path: /home/summer/miniconda3/envs/django/bin/uwsgi
chdir() to /home/summer/summer_backend
your processes number limit is 7547
your memory page size is 4096 bytes
detected max file descriptor number: 1048576
lock engine: pthread robust mutexes
thunder lock: disabled (you can enable it with --thunder-lock)
uwsgi socket 0 bound to TCP address 127.0.0.1:8000 fd 6
Python version: 3.9.16 (main, Mar  8 2023, 14:00:05)  [GCC 11.2.0]
Set PythonHome to /home/summer/miniconda3/envs/django
Python main interpreter initialized at 0x10b9ef0
python threads support enabled
your server socket listen backlog is limited to 100 connections
your mercy for graceful operations on workers is 60 seconds
mapped 416880 bytes (407 KB) for 8 cores
*** Operational MODE: preforking+threaded ***
added /home/summer/miniconda3/envs/django/lib/python3.9/ to pythonpath.
WSGI app 0 (mountpoint='') ready in 2 seconds on interpreter 0x10b9ef0 pid: 316129 (default app)
*** uWSGI is running in multiple interpreter mode ***
spawned uWSGI master process (pid: 316129)
spawned uWSGI worker 1 (pid: 316132, cores: 2)
spawned uWSGI worker 2 (pid: 316134, cores: 2)
spawned uWSGI worker 3 (pid: 316136, cores: 2)
spawned uWSGI worker 4 (pid: 316138, cores: 2)
1
3
[pid: 316132|app: 0|req: 2/1] 219.239.227.245 () {42 vars in 845 bytes} [Sun Aug 27 21:34:22 2023] GET /api/team/all_members/?team_id= => generated 55 bytes in 218 msecs (HTTP/1.1 200) 9 headers in 304 bytes (1 switches on core 1)
4
[pid: 316134|app: 0|req: 2/2] 219.239.227.245 () {42 vars in 832 bytes} [Sun Aug 27 21:34:22 2023] GET /api/user/personal_info/ => generated 266 bytes in 220 msecs (HTTP/1.1 200) 9 headers in 305 bytes (1 switches on core 0)
[pid: 316132|app: 0|req: 2/3] 219.239.227.245 () {42 vars in 830 bytes} [Sun Aug 27 21:34:22 2023] GET /api/team/all_projects/ => generated 99 bytes in 229 msecs (HTTP/1.1 200) 9 headers in 304 bytes (1 switches on core 0)
[pid: 316136|app: 0|req: 1/4] 219.239.227.245 () {42 vars in 824 bytes} [Sun Aug 27 21:34:22 2023] GET /api/team/all_teams/ => generated 218 bytes in 224 msecs (HTTP/1.1 200) 9 headers in 305 bytes (1 switches on core 0)
[pid: 316134|app: 0|req: 2/5] 219.239.227.245 () {42 vars in 859 bytes} [Sun Aug 27 21:34:22 2023] GET /api/team/get_current_team/?user_id=11 => generated 248 bytes in 225 msecs (HTTP/1.1 200) 9 headers in 305 bytes (1 switches on core 1)
[pid: 316134|app: 0|req: 4/6] 219.239.227.245 () {42 vars in 845 bytes} [Sun Aug 27 21:34:23 2023] GET /api/team/all_members/?team_id= => generated 55 bytes in 33 msecs (HTTP/1.1 200) 9 headers in 304 bytes (1 switches on core 1)
1
3
[pid: 316132|app: 0|req: 3/7] 219.239.227.245 () {42 vars in 832 bytes} [Sun Aug 27 21:34:23 2023] GET /api/user/personal_info/ => generated 266 bytes in 38 msecs (HTTP/1.1 200) 9 headers in 305 bytes (1 switches on core 1)
4
[pid: 316134|app: 0|req: 4/8] 219.239.227.245 () {42 vars in 824 bytes} [Sun Aug 27 21:34:23 2023] GET /api/team/all_teams/ => generated 218 bytes in 45 msecs (HTTP/1.1 200) 9 headers in 305 bytes (1 switches on core 0)
[pid: 316138|app: 0|req: 2/10] 219.239.227.245 () {42 vars in 830 bytes} [Sun Aug 27 21:34:23 2023] GET /api/team/all_projects/ => generated 99 bytes in 155 msecs (HTTP/1.1 200) 9 headers in 304 bytes (1 switches on core 0)
[pid: 316138|app: 0|req: 2/10] 219.239.227.245 () {42 vars in 859 bytes} [Sun Aug 27 21:34:23 2023] GET /api/team/get_current_team/?user_id=11 => generated 248 bytes in 151 msecs (HTTP/1.1 200) 9 headers in 305 bytes (1 switches on core 1)
[pid: 316138|app: 0|req: 4/11] 219.239.227.245 () {42 vars in 832 bytes} [Sun Aug 27 21:34:28 2023] GET /api/user/personal_info/ => generated 266 bytes in 35 msecs (HTTP/1.1 200) 9 headers in 305 bytes (1 switches on core 0)
1
3
[pid: 316136|app: 0|req: 2/12] 219.239.227.245 () {42 vars in 845 bytes} [Sun Aug 27 21:34:28 2023] GET /api/team/all_members/?team_id= => generated 55 bytes in 37 msecs (HTTP/1.1 200) 9 headers in 304 bytes (1 switches on core 1)
4
[pid: 316132|app: 0|req: 5/13] 219.239.227.245 () {42 vars in 830 bytes} [Sun Aug 27 21:34:28 2023] GET /api/team/all_projects/ => generated 99 bytes in 47 msecs (HTTP/1.1 200) 9 headers in 304 bytes (1 switches on core 0)
[pid: 316132|app: 0|req: 5/14] 219.239.227.245 () {42 vars in 824 bytes} [Sun Aug 27 21:34:28 2023] GET /api/team/all_teams/ => generated 218 bytes in 51 msecs (HTTP/1.1 200) 9 headers in 305 bytes (1 switches on core 1)
[pid: 316138|app: 0|req: 4/15] 219.239.227.245 () {42 vars in 859 bytes} [Sun Aug 27 21:34:28 2023] GET /api/team/get_current_team/?user_id=11 => generated 248 bytes in 54 msecs (HTTP/1.1 200) 9 headers in 305 bytes (1 switches on core 1)
[pid: 316138|app: 0|req: 5/16] 219.239.227.245 () {40 vars in 707 bytes} [Sun Aug 27 21:34:56 2023] GET /api/team/all_members/?team_id= => generated 43 bytes in 1 msecs (HTTP/1.1 200) 9 headers in 304 bytes (1 switches on core 0)
[pid: 316136|app: 0|req: 3/17] 219.239.227.245 () {42 vars in 832 bytes} [Sun Aug 27 21:34:56 2023] GET /api/user/personal_info/ => generated 266 bytes in 26 msecs (HTTP/1.1 200) 9 headers in 305 bytes (1 switches on core 0)
1
3
4
[pid: 316134|app: 0|req: 5/18] 219.239.227.245 () {42 vars in 830 bytes} [Sun Aug 27 21:34:56 2023] GET /api/team/all_projects/ => generated 99 bytes in 43 msecs (HTTP/1.1 200) 9 headers in 304 bytes (1 switches on core 1)
[pid: 316132|app: 0|req: 7/19] 219.239.227.245 () {42 vars in 859 bytes} [Sun Aug 27 21:34:56 2023] GET /api/team/get_current_team/?user_id=11 => generated 248 bytes in 44 msecs (HTTP/1.1 200) 9 headers in 305 bytes (1 switches on core 0)
[pid: 316132|app: 0|req: 7/20] 219.239.227.245 () {42 vars in 824 bytes} [Sun Aug 27 21:34:56 2023] GET /api/team/all_teams/ => generated 218 bytes in 45 msecs (HTTP/1.1 200) 9 headers in 305 bytes (1 switches on core 1)
[pid: 316136|app: 0|req: 4/21] 219.239.227.245 () {40 vars in 707 bytes} [Sun Aug 27 21:34:57 2023] GET /api/team/all_members/?team_id= => generated 43 bytes in 4 msecs (HTTP/1.1 200) 9 headers in 304 bytes (1 switches on core 1)
1
3
4
[pid: 316134|app: 0|req: 7/22] 219.239.227.245 () {42 vars in 832 bytes} [Sun Aug 27 21:34:57 2023] GET /api/user/personal_info/ => generated 266 bytes in 43 msecs (HTTP/1.1 200) 9 headers in 305 bytes (1 switches on core 1)
[pid: 316134|app: 0|req: 7/23] 219.239.227.245 () {42 vars in 859 bytes} [Sun Aug 27 21:34:57 2023] GET /api/team/get_current_team/?user_id=11 => generated 248 bytes in 45 msecs (HTTP/1.1 200) 9 headers in 305 bytes (1 switches on core 0)
[pid: 316138|app: 0|req: 7/24] 219.239.227.245 () {42 vars in 830 bytes} [Sun Aug 27 21:34:57 2023] GET /api/team/all_projects/ => generated 99 bytes in 49 msecs (HTTP/1.1 200) 9 headers in 304 bytes (1 switches on core 0)
[pid: 316138|app: 0|req: 7/25] 219.239.227.245 () {42 vars in 824 bytes} [Sun Aug 27 21:34:57 2023] GET /api/team/all_teams/ => generated 218 bytes in 47 msecs (HTTP/1.1 200) 9 headers in 305 bytes (1 switches on core 1)
[pid: 316138|app: 0|req: 8/26] 219.239.227.245 () {40 vars in 707 bytes} [Sun Aug 27 21:35:05 2023] GET /api/team/all_members/?team_id= => generated 43 bytes in 3 msecs (HTTP/1.1 200) 9 headers in 304 bytes (1 switches on core 0)
1
3
4
[pid: 316132|app: 0|req: 9/27] 219.239.227.245 () {42 vars in 832 bytes} [Sun Aug 27 21:35:05 2023] GET /api/user/personal_info/ => generated 266 bytes in 24 msecs (HTTP/1.1 200) 9 headers in 305 bytes (1 switches on core 1)
[pid: 316136|app: 0|req: 5/28] 219.239.227.245 () {42 vars in 824 bytes} [Sun Aug 27 21:35:05 2023] GET /api/team/all_teams/ => generated 218 bytes in 38 msecs (HTTP/1.1 200) 9 headers in 305 bytes (1 switches on core 0)
[pid: 316132|app: 0|req: 9/29] 219.239.227.245 () {42 vars in 830 bytes} [Sun Aug 27 21:35:05 2023] GET /api/team/all_projects/ => generated 99 bytes in 38 msecs (HTTP/1.1 200) 9 headers in 304 bytes (1 switches on core 0)
[pid: 316134|app: 0|req: 8/30] 219.239.227.245 () {42 vars in 859 bytes} [Sun Aug 27 21:35:05 2023] GET /api/team/get_current_team/?user_id=11 => generated 248 bytes in 46 msecs (HTTP/1.1 200) 9 headers in 305 bytes (1 switches on core 1)
[pid: 316132|app: 0|req: 11/31] 219.239.227.245 () {40 vars in 707 bytes} [Sun Aug 27 21:35:55 2023] GET /api/team/all_members/?team_id= => generated 43 bytes in 1 msecs (HTTP/1.1 200) 9 headers in 304 bytes (1 switches on core 0)
1
3
[pid: 316136|app: 0|req: 7/32] 219.239.227.245 () {42 vars in 832 bytes} [Sun Aug 27 21:35:55 2023] GET /api/user/personal_info/ => generated 266 bytes in 31 msecs (HTTP/1.1 200) 9 headers in 305 bytes (1 switches on core 0)
4
[pid: 316136|app: 0|req: 7/33] 219.239.227.245 () {42 vars in 824 bytes} [Sun Aug 27 21:35:55 2023] GET /api/team/all_teams/ => generated 218 bytes in 43 msecs (HTTP/1.1 200) 9 headers in 305 bytes (1 switches on core 1)
[pid: 316134|app: 0|req: 9/34] 219.239.227.245 () {42 vars in 830 bytes} [Sun Aug 27 21:35:55 2023] GET /api/team/all_projects/ => generated 99 bytes in 36 msecs (HTTP/1.1 200) 9 headers in 304 bytes (1 switches on core 0)
[pid: 316132|app: 0|req: 11/35] 219.239.227.245 () {42 vars in 859 bytes} [Sun Aug 27 21:35:55 2023] GET /api/team/get_current_team/?user_id=11 => generated 248 bytes in 48 msecs (HTTP/1.1 200) 9 headers in 305 bytes (1 switches on core 1)
